0 info it worked if it ends with ok
1 verbose cli [ 'node', '/usr/local/bin/npm', 'install', '--global', 'gulp' ]
2 info using npm@2.12.1
3 info using node@v0.12.7
4 verbose node symlink /usr/local/bin/node
5 verbose install initial load of /usr/local/lib/package.json
6 verbose readDependencies loading dependencies from /usr/local/lib/package.json
7 silly cache add args [ 'gulp', null ]
8 verbose cache add spec gulp
9 silly cache add parsed spec { raw: 'gulp',
9 silly cache add   scope: null,
9 silly cache add   name: 'gulp',
9 silly cache add   rawSpec: '',
9 silly cache add   spec: '*',
9 silly cache add   type: 'range' }
10 silly addNamed gulp@*
11 verbose addNamed "*" is a valid semver range for gulp
12 silly addNameRange { name: 'gulp', range: '*', hasData: false }
13 silly mapToRegistry name gulp
14 silly mapToRegistry using default registry
15 silly mapToRegistry registry https://registry.npmjs.org/
16 silly mapToRegistry uri https://registry.npmjs.org/gulp
17 verbose addNameRange registry:https://registry.npmjs.org/gulp not in flight; fetching
18 verbose request uri https://registry.npmjs.org/gulp
19 verbose request no auth needed
20 info attempt registry request try #1 at 13:09:50
21 verbose request id dc216411a10f3ab0
22 http request GET https://registry.npmjs.org/gulp
23 info retry will retry, error on last attempt: Error: self signed certificate in certificate chain
24 info attempt registry request try #2 at 13:10:00
25 http request GET https://registry.npmjs.org/gulp
26 info retry will retry, error on last attempt: Error: self signed certificate in certificate chain
27 info attempt registry request try #3 at 13:11:00
28 http request GET https://registry.npmjs.org/gulp
29 verbose stack Error: self signed certificate in certificate chain
29 verbose stack     at Error (native)
29 verbose stack     at TLSSocket.<anonymous> (_tls_wrap.js:929:36)
29 verbose stack     at TLSSocket.emit (events.js:104:17)
29 verbose stack     at TLSSocket._finishInit (_tls_wrap.js:460:8)
30 verbose cwd /Users/marsha/Dev/shafi/Snote
31 error Darwin 14.4.0
32 error argv "node" "/usr/local/bin/npm" "install" "--global" "gulp"
33 error node v0.12.7
34 error npm  v2.12.1
35 error code SELF_SIGNED_CERT_IN_CHAIN
36 error self signed certificate in certificate chain
37 error If you need help, you may report this error at:
37 error     <https://github.com/npm/npm/issues>
38 verbose exit [ 1, true ]
